-> GET /sso/Login?forwardTo=22&RL=1&ip2loc=US
uri /sso/Login?forwardTo=22&RL=1&ip2loc=US failed
javax.net.ssl.SSLHandshakeException: Failed to create SSL connection
	at io.vertx.core.http.impl.ConnectionManager$ConnQueue.handshakeFailure(ConnectionManager.java:331)
	at io.vertx.core.http.impl.ConnectionManager$ConnQueue.access$1700(ConnectionManager.java:193)
	at io.vertx.core.http.impl.ConnectionManager$ChannelConnector.lambda$null$0(ConnectionManager.java:459)
	at io.netty.util.concurrent.DefaultPromise.notifyListener0(DefaultPromise.java:507)
	at io.netty.util.concurrent.DefaultPromise.notifyListeners0(DefaultPromise.java:500)
	at io.netty.util.concurrent.DefaultPromise.notifyListenersNow(DefaultPromise.java:479)
	at io.netty.util.concurrent.DefaultPromise.notifyListeners(DefaultPromise.java:420)
	at io.netty.util.concurrent.DefaultPromise.tryFailure(DefaultPromise.java:122)
	at io.netty.handler.ssl.SslHandler.notifyHandshakeFailure(SslHandler.java:1483)
	at io.netty.handler.ssl.SslHandler.access$1100(SslHandler.java:164)
	at io.netty.handler.ssl.SslHandler$5.run(SslHandler.java:1652)
	at io.netty.util.concurrent.PromiseTask$RunnableAdapter.call(PromiseTask.java:38)
	at io.netty.util.concurrent.ScheduledFutureTask.run(ScheduledFutureTask.java:120)
	at io.netty.util.concurrent.AbstractEventExecutor.safeExecute(AbstractEventExecutor.java:163)
	at io.netty.util.concurrent.SingleThreadEventExecutor.runAllTasks(SingleThreadEventExecutor.java:403)
	at io.netty.channel.nio.NioEventLoop.run(NioEventLoop.java:463)
	at io.netty.util.concurrent.SingleThreadEventExecutor$5.run(SingleThreadEventExecutor.java:858)
	at java.base/java.lang.Thread.run(Thread.java:834)
Caused by: javax.net.ssl.SSLException: handshake timed out
	at io.netty.handler.ssl.SslHandler.handshake(...)(Unknown Source)
-> GET /sso/Login?forwardTo=22&RL=1&ip2loc=US
<- 200 GET /sso/Login?forwardTo=22&RL=1&ip2loc=US
-> GET /css/bootstrap-5.2.2/bootstrap.min.css
-> GET /css/fontawesome-6.4.2/all.min.css
-> GET /css/bootstrap-switch-3.3.2/bootstrap-switch.min.css
-> GET /css/reg-am/login.min.css
-> GET /css/ibkr/theme-ibkr-portal.min.css
-> GET /scripts/common/js/jquery-3.7.0/jquery.min.js
<- 200 GET /css/bootstrap-5.2.2/bootstrap.min.css
<- 200 GET /css/fontawesome-6.4.2/all.min.css
-> GET /scripts/common/js/bootstrap-5.2.2/bootstrap.bundle.min.js
-> GET /sso/lib/xyz.bundle.min.js
<- 200 GET /scripts/common/js/jquery-3.7.0/jquery.min.js
<- 200 GET /scripts/common/js/bootstrap-5.2.2/bootstrap.bundle.min.js
<- 200 GET /css/reg-am/login.min.css
<- 200 GET /css/bootstrap-switch-3.3.2/bootstrap-switch.min.css
<- 200 GET /css/ibkr/theme-ibkr-portal.min.css
<- 200 GET /sso/lib/xyz.bundle.min.js
-> GET /images/common/logos/ibkr/interactive-brokers.svg
-> GET /fonts/proxima-nova/Proxima-Nova-Regular.woff2
-> GET /fonts/fontawesome-6.4.2/webfonts/fa-brands-400.woff2
-> GET /fonts/fontawesome-6.4.2/webfonts/fa-solid-900.woff2
-> GET /fonts/proxima-nova/Proxima-Nova-Semibold.woff2
-> POST /sso/report
<- 200 GET /fonts/fontawesome-6.4.2/webfonts/fa-solid-900.woff2
<- 200 GET /fonts/fontawesome-6.4.2/webfonts/fa-brands-400.woff2
<- 200 GET /images/common/logos/ibkr/interactive-brokers.svg
-> POST /portal.proxy/v1/gstat/bulletins
<- 200 GET /fonts/proxima-nova/Proxima-Nova-Regular.woff2
<- 200 GET /fonts/proxima-nova/Proxima-Nova-Semibold.woff2
<- 200 POST /sso/report
<- 204 POST /portal.proxy/v1/gstat/bulletins
-> GET /images/web/favicons/home-screen-icon-128x128.png
<- 200 GET /images/web/favicons/home-screen-icon-128x128.png
-> GET /images/common/logos/ibkr/interactive-brokers-inverse.svg
<- 200 GET /images/common/logos/ibkr/interactive-brokers-inverse.svg
-> POST /sso/Authenticator
<- 200 POST /sso/Authenticator
-> POST /sso/Authenticator
<- 200 POST /sso/Authenticator
-> POST /sso/Dispatcher
<- 302 POST /sso/Dispatcher
-> request: /v1/api/sso/validate?gw=1
-> GET /v1/api/sso/validate?gw=1,200|461ms
-> request: /v1/api/one/user
-> request: /v1/api/ssodh/init
-> sso GET https://api.ibkr.com/v1/api/ssodh/init
-> GET /v1/api/one/user,200|609ms
-> request: /v1/api/ssodh/st
-> sso GET https://api.ibkr.com/v1/api/ssodh/st
-> request: /sso/Authenticator?ACTION=PUBLISH_TST&RESP_TYPE=JSON&DEVICE_ID=1b569904|00-15-5D-5B-E8-B5
-> sso GET https://api.ibkr.com/sso/Authenticator?ACTION=PUBLISH_TST&RESP_TYPE=JSON&DEVICE_ID=1b569904|00-15-5D-5B-E8-B5
<- 200 GET https://api.ibkr.com/sso/Authenticator?ACTION=PUBLISH_TST&RESP_TYPE=JSON&DEVICE_ID=1b569904|00-15-5D-5B-E8-B5 0
-> request: /v1/api/iserver/auth/status
-> GET /v1/api/iserver/auth/status,200|422ms
-> request: /v1/api/iserver/auth/ssodh/init
-> POST https://api.ibkr.com/v1/api/iserver/auth/ssodh/init,200|2788ms
-> request: /v1/api/iserver/accounts
-> GET /v1/api/iserver/accounts,200|491ms
-> request: /v1/api/tickle
-> GET /v1/api/tickle,200|486ms
-> request: /v1/api/tickle
-> GET /v1/api/tickle,200|459ms
-> request: /v1/api/tickle
-> GET /v1/api/tickle,200|650ms
-> request: /v1/api/tickle
-> GET /v1/api/tickle,200|449ms
-> request: /v1/api/tickle
-> GET /v1/api/tickle,200|441ms
-> request: /v1/api/tickle
-> GET /v1/api/tickle,200|605ms
-> request: /v1/api/tickle
-> GET /v1/api/tickle,200|433ms
-> request: /v1/api/tickle
-> GET /v1/api/tickle,200|1071ms
-> request: /v1/api/tickle
-> GET /v1/api/tickle,200|450ms
-> request: /sso/ping
-> GET /sso/ping,200|950ms
-> request: /v1/api/tickle
-> GET /v1/api/tickle,200|903ms
-> request: /v1/api/tickle
-> GET /v1/api/tickle,200|1480ms
-> request: /v1/api/tickle
-> GET /v1/api/tickle,200|444ms
-> request: /v1/api/tickle
-> GET /v1/api/tickle,200|452ms
-> request: /v1/api/tickle
-> GET /v1/api/tickle,200|456ms
-> request: /v1/api/tickle
-> GET /v1/api/tickle,200|449ms
-> request: /v1/api/tickle
-> GET /v1/api/tickle,200|431ms
-> request: /v1/api/tickle
-> GET /v1/api/tickle,200|440ms
-> request: /v1/api/tickle
-> GET /v1/api/tickle,200|439ms
-> request: /v1/api/tickle
-> GET /v1/api/tickle,200|434ms
-> request: /sso/ping
-> GET /sso/ping,200|431ms
-> request: /v1/api/tickle
-> GET /v1/api/tickle,200|457ms
-> request: /v1/api/tickle
-> GET /v1/api/tickle,200|469ms
-> request: /v1/api/tickle
-> GET /v1/api/tickle,200|1086ms
-> request: /v1/api/tickle
-> GET /v1/api/tickle,200|670ms
-> request: /v1/api/tickle
-> GET /v1/api/tickle,200|1229ms
-> request: /v1/api/tickle
-> GET /v1/api/tickle,200|637ms
-> request: /v1/api/tickle
-> GET /v1/api/tickle,200|453ms
-> request: /v1/api/tickle
-> GET /v1/api/tickle,200|445ms
-> request: /v1/api/tickle
-> GET /v1/api/tickle,200|468ms
-> request: /v1/api/tickle
-> GET /v1/api/tickle,200|450ms
-> request: /sso/ping
-> GET /sso/ping,200|546ms
-> request: /v1/api/tickle
-> GET /v1/api/tickle,200|518ms
-> request: /v1/api/tickle
-> GET /v1/api/tickle,200|475ms
-> request: /v1/api/tickle
-> GET /v1/api/tickle,200|464ms
-> request: /v1/api/tickle
-> GET /v1/api/tickle,200|448ms
-> request: /v1/api/tickle
-> GET /v1/api/tickle,200|662ms
-> request: /v1/api/tickle
-> GET /v1/api/tickle,200|450ms
-> request: /v1/api/tickle
-> GET /v1/api/tickle,200|465ms
-> request: /v1/api/tickle
-> GET /v1/api/tickle,200|745ms
-> request: /v1/api/tickle
-> GET /v1/api/tickle,200|501ms
-> request: /v1/api/tickle
-> GET /v1/api/tickle,200|639ms
-> request: /sso/ping
-> GET /sso/ping,200|474ms
-> request: /v1/api/tickle
-> GET /v1/api/tickle,200|451ms
-> request: /v1/api/tickle
-> GET /v1/api/tickle,200|465ms
-> request: /v1/api/tickle
-> GET /v1/api/tickle,200|501ms
-> request: /v1/api/tickle
-> GET /v1/api/tickle,200|489ms
-> request: /v1/api/tickle
-> GET /v1/api/tickle,200|487ms
-> request: /v1/api/tickle
-> GET /v1/api/tickle,200|908ms
-> request: /v1/api/tickle
-> GET /v1/api/tickle,200|539ms
-> request: /v1/api/tickle
-> GET /v1/api/tickle,200|962ms
-> request: /v1/api/tickle
-> GET /v1/api/tickle,200|468ms
-> request: /v1/api/tickle
-> GET /v1/api/tickle,200|838ms
-> request: /sso/ping
-> GET /sso/ping,200|535ms
-> request: /v1/api/tickle
-> GET /v1/api/tickle,200|530ms
-> request: /v1/api/tickle
-> GET /v1/api/tickle,200|507ms
-> request: /v1/api/tickle
-> GET /v1/api/tickle,200|654ms
-> request: /v1/api/tickle
-> GET /v1/api/tickle,200|511ms
-> request: /v1/api/tickle
-> GET /v1/api/tickle,200|486ms
-> request: /v1/api/tickle
-> GET /v1/api/tickle,200|459ms
-> request: /v1/api/tickle
-> GET /v1/api/tickle,200|782ms
-> request: /v1/api/tickle
-> GET /v1/api/tickle,200|1223ms
-> request: /v1/api/tickle
-> GET /v1/api/tickle,200|948ms
-> request: /v1/api/tickle
-> GET /v1/api/tickle,200|794ms
-> request: /sso/ping
-> GET /sso/ping,200|594ms
-> request: /v1/api/tickle
-> GET /v1/api/tickle,200|497ms
-> request: /v1/api/tickle
-> GET /v1/api/tickle,200|533ms
-> request: /v1/api/tickle
-> GET /v1/api/tickle,200|671ms
-> request: /v1/api/tickle
-> GET /v1/api/tickle,200|485ms
-> request: /v1/api/tickle
-> GET /v1/api/tickle,200|544ms
-> request: /v1/api/tickle
-> GET /v1/api/tickle,200|470ms
-> request: /v1/api/tickle
-> GET /v1/api/tickle,200|571ms
-> request: /v1/api/tickle
-> GET /v1/api/tickle,200|916ms
-> request: /v1/api/tickle
-> GET /v1/api/tickle,200|442ms
-> request: /v1/api/tickle
-> GET /v1/api/tickle,200|650ms
-> request: /sso/ping
-> GET /sso/ping,200|522ms
-> request: /v1/api/tickle
-> GET /v1/api/tickle,200|464ms
-> request: /v1/api/tickle
-> GET /v1/api/tickle,200|472ms
-> request: /v1/api/tickle
-> GET /v1/api/tickle,200|573ms
-> request: /v1/api/tickle
-> GET /v1/api/tickle,200|682ms
-> request: /v1/api/tickle
-> GET /v1/api/tickle,200|503ms
-> request: /v1/api/tickle
-> GET /v1/api/tickle,200|463ms
-> request: /v1/api/tickle
-> GET /v1/api/tickle,200|855ms
-> request: /v1/api/tickle
-> GET /v1/api/tickle,200|501ms
-> request: /v1/api/tickle
-> request: /v1/api/tickle
-> GET /v1/api/tickle,200|532ms
-> request: /sso/ping
-> GET /sso/ping,200|495ms
-> request: /v1/api/tickle
-> GET /v1/api/tickle,200|622ms
-> request: /v1/api/tickle
-> GET /v1/api/tickle,200|1199ms
-> request: /v1/api/tickle
-> GET /v1/api/tickle,200|467ms
-> request: /v1/api/tickle
-> GET /v1/api/tickle,200|583ms
-> request: /v1/api/tickle
-> GET /v1/api/tickle,200|1196ms
-> request: /v1/api/tickle
-> GET /v1/api/tickle,200|450ms
-> request: /v1/api/tickle
-> GET /v1/api/tickle,200|456ms
-> request: /v1/api/tickle
-> GET /v1/api/tickle,200|470ms
-> request: /v1/api/tickle
-> GET /v1/api/tickle,200|859ms
-> request: /v1/api/tickle
-> GET /v1/api/tickle,200|567ms
-> request: /sso/ping
-> GET /sso/ping,200|469ms
-> request: /v1/api/tickle
-> GET /v1/api/tickle,200|529ms
-> request: /v1/api/tickle
-> GET /v1/api/tickle,200|453ms
-> request: /v1/api/tickle
-> GET /v1/api/tickle,200|2196ms
-> request: /v1/api/tickle
-> GET /v1/api/tickle,200|480ms
-> request: /v1/api/tickle
-> GET /v1/api/tickle,200|609ms
-> request: /v1/api/tickle
-> GET /v1/api/tickle,200|563ms
-> request: /v1/api/tickle
-> GET /v1/api/tickle,200|1221ms
-> request: /v1/api/tickle
-> GET /v1/api/tickle,200|469ms
-> request: /v1/api/tickle
-> GET /v1/api/tickle,200|1246ms
-> request: /v1/api/tickle
-> GET /v1/api/tickle,200|1231ms
-> request: /sso/ping
-> GET /sso/ping,200|484ms
-> request: /v1/api/tickle
-> GET /v1/api/tickle,200|496ms
-> request: /v1/api/tickle
-> GET /v1/api/tickle,200|532ms
-> request: /v1/api/tickle
-> GET /v1/api/tickle,200|467ms
-> request: /v1/api/tickle
-> GET /v1/api/tickle,200|461ms
-> request: /v1/api/tickle
-> GET /v1/api/tickle,200|563ms
-> request: /v1/api/tickle
-> GET /v1/api/tickle,200|681ms
-> request: /v1/api/tickle
-> GET /v1/api/tickle,200|483ms
-> request: /v1/api/tickle
-> GET /v1/api/tickle,200|444ms
-> request: /v1/api/tickle
-> GET /v1/api/tickle,200|443ms
-> request: /v1/api/tickle
-> GET /v1/api/tickle,200|469ms
-> request: /sso/ping
-> GET /sso/ping,200|443ms
-> request: /v1/api/tickle
-> GET /v1/api/tickle,200|441ms
-> request: /v1/api/tickle
-> GET /v1/api/tickle,200|467ms
-> request: /v1/api/tickle
-> GET /v1/api/tickle,200|459ms
-> request: /v1/api/tickle
-> GET /v1/api/tickle,200|855ms
-> request: /v1/api/tickle
-> GET /v1/api/tickle,200|583ms
-> request: /v1/api/tickle
-> GET /v1/api/tickle,200|462ms
-> request: /v1/api/tickle
-> GET /v1/api/tickle,200|481ms
-> request: /v1/api/tickle
-> GET /v1/api/tickle,200|477ms
-> request: /v1/api/tickle
-> GET /v1/api/tickle,200|451ms
-> request: /v1/api/tickle
-> GET /v1/api/tickle,200|499ms
-> request: /sso/ping
-> GET /sso/ping,200|485ms
-> request: /v1/api/tickle
-> GET /v1/api/tickle,200|775ms
-> request: /v1/api/tickle
-> GET /v1/api/tickle,200|2079ms
-> request: /v1/api/tickle
-> GET /v1/api/tickle,200|516ms
-> request: /v1/api/tickle
-> GET /v1/api/tickle,200|507ms
-> request: /v1/api/tickle
-> GET /v1/api/tickle,200|528ms
-> request: /v1/api/tickle
-> GET /v1/api/tickle,200|523ms
-> request: /v1/api/tickle
-> GET /v1/api/tickle,200|1578ms
-> request: /v1/api/tickle
-> GET /v1/api/tickle,200|487ms
-> request: /v1/api/tickle
-> GET /v1/api/tickle,200|494ms
-> request: /v1/api/tickle
-> GET /v1/api/tickle,200|439ms
-> request: /sso/ping
-> GET /sso/ping,200|725ms
-> request: /v1/api/tickle
-> GET /v1/api/tickle,200|617ms
-> request: /v1/api/tickle
-> GET /v1/api/tickle,200|590ms
-> request: /v1/api/tickle
-> GET /v1/api/tickle,200|488ms
-> request: /v1/api/tickle
-> GET /v1/api/tickle,200|638ms
-> request: /v1/api/tickle
-> GET /v1/api/tickle,200|549ms
-> request: /v1/api/tickle
-> GET /v1/api/tickle,200|657ms
-> request: /v1/api/tickle
-> GET /v1/api/tickle,200|473ms
-> request: /v1/api/tickle
-> GET /v1/api/tickle,200|453ms
-> request: /v1/api/tickle
-> GET /v1/api/tickle,200|531ms
-> request: /v1/api/tickle
-> GET /v1/api/tickle,200|447ms
-> request: /sso/ping
-> GET /sso/ping,200|468ms
-> request: /v1/api/tickle
-> GET /v1/api/tickle,200|798ms
-> request: /v1/api/tickle
-> GET /v1/api/tickle,200|515ms
-> request: /v1/api/tickle
-> GET /v1/api/tickle,200|500ms
-> request: /v1/api/tickle
-> GET /v1/api/tickle,200|1121ms
-> request: /v1/api/tickle
-> GET /v1/api/tickle,200|509ms
-> request: /v1/api/tickle
-> GET /v1/api/tickle,200|477ms
-> request: /v1/api/tickle
-> GET /v1/api/tickle,200|838ms
-> request: /v1/api/tickle
-> GET /v1/api/tickle,200|557ms
-> request: /v1/api/tickle
-> GET /v1/api/tickle,200|437ms
-> request: /v1/api/tickle
-> GET /v1/api/tickle,200|750ms
-> request: /sso/ping
-> GET /sso/ping,200|938ms
-> request: /v1/api/tickle
-> GET /v1/api/tickle,200|734ms
-> request: /v1/api/tickle
-> GET /v1/api/tickle,200|484ms
-> request: /v1/api/tickle
-> GET /v1/api/tickle,200|595ms
-> request: /v1/api/tickle
-> GET /v1/api/tickle,200|516ms
-> request: /v1/api/tickle
-> GET /v1/api/tickle,200|479ms
-> request: /v1/api/tickle
-> GET /v1/api/tickle,200|478ms
-> request: /v1/api/tickle
-> GET /v1/api/tickle,200|650ms
-> request: /v1/api/tickle
-> GET /v1/api/tickle,200|469ms
-> request: /v1/api/tickle
-> GET /v1/api/tickle,200|484ms
-> request: /v1/api/tickle
-> GET /v1/api/tickle,200|1122ms
-> request: /sso/ping
-> GET /sso/ping,200|563ms
-> request: /v1/api/tickle
-> GET /v1/api/tickle,200|625ms
-> request: /v1/api/tickle
-> GET /v1/api/tickle,200|434ms
-> request: /v1/api/tickle
-> GET /v1/api/tickle,200|501ms
-> request: /v1/api/tickle
-> GET /v1/api/tickle,200|476ms
-> request: /v1/api/tickle
-> GET /v1/api/tickle,200|817ms
-> request: /v1/api/tickle
-> GET /v1/api/tickle,200|899ms
-> request: /v1/api/tickle
-> GET /v1/api/tickle,200|712ms
-> request: /v1/api/tickle
-> GET /v1/api/tickle,200|719ms
-> request: /v1/api/tickle
-> GET /v1/api/tickle,200|765ms
-> request: /v1/api/tickle
-> GET /v1/api/tickle,200|1109ms
-> request: /sso/ping
-> GET /sso/ping,200|469ms
-> request: /v1/api/tickle
-> GET /v1/api/tickle,200|532ms
-> request: /v1/api/tickle
-> GET /v1/api/tickle,200|453ms
-> request: /v1/api/tickle
-> GET /v1/api/tickle,200|466ms
-> request: /v1/api/tickle
-> GET /v1/api/tickle,200|448ms
-> request: /v1/api/tickle
-> GET /v1/api/tickle,200|883ms
-> request: /v1/api/tickle
-> GET /v1/api/tickle,200|515ms
-> request: /v1/api/tickle
-> GET /v1/api/tickle,200|930ms
-> request: /v1/api/tickle
-> GET /v1/api/tickle,200|547ms
-> request: /v1/api/tickle
-> GET /v1/api/tickle,200|468ms
-> request: /v1/api/tickle
-> GET /v1/api/tickle,200|718ms
-> request: /sso/ping
-> GET /sso/ping,200|1140ms
-> request: /v1/api/tickle
-> GET /v1/api/tickle,200|503ms
-> request: /v1/api/tickle
-> GET /v1/api/tickle,200|452ms
-> request: /v1/api/tickle
-> GET /v1/api/tickle,200|464ms
-> request: /v1/api/tickle
-> GET /v1/api/tickle,200|483ms
-> request: /v1/api/tickle
-> GET /v1/api/tickle,200|438ms
-> request: /v1/api/tickle
-> GET /v1/api/tickle,200|484ms
-> request: /v1/api/tickle
-> GET /v1/api/tickle,200|550ms
-> request: /v1/api/tickle
-> GET /v1/api/tickle,200|439ms
-> request: /v1/api/tickle
-> GET /v1/api/tickle,200|485ms
-> request: /v1/api/tickle
-> GET /v1/api/tickle,200|468ms
-> request: /sso/ping
-> GET /sso/ping,200|422ms
-> request: /v1/api/tickle
-> GET /v1/api/tickle,200|478ms
-> request: /v1/api/tickle
-> GET /v1/api/tickle,200|464ms
-> request: /v1/api/tickle
-> GET /v1/api/tickle,200|513ms
-> request: /v1/api/tickle
-> GET /v1/api/tickle,200|480ms
-> request: /v1/api/tickle
-> GET /v1/api/tickle,200|468ms
-> request: /v1/api/tickle
-> GET /v1/api/tickle,200|516ms
-> request: /v1/api/tickle
-> GET /v1/api/tickle,200|469ms
-> request: /v1/api/tickle
-> GET /v1/api/tickle,200|516ms
-> request: /v1/api/tickle
-> GET /v1/api/tickle,200|453ms
-> request: /v1/api/tickle
-> GET /v1/api/tickle,200|469ms
-> request: /sso/ping
-> GET /sso/ping,200|641ms
-> request: /v1/api/tickle
-> GET /v1/api/tickle,200|479ms
-> request: /v1/api/tickle
-> GET /v1/api/tickle,200|515ms
-> request: /v1/api/tickle
-> GET /v1/api/tickle,200|440ms
-> request: /v1/api/tickle
-> GET /v1/api/tickle,200|484ms
-> request: /v1/api/tickle
-> GET /v1/api/tickle,200|468ms
-> request: /v1/api/tickle
-> GET /v1/api/tickle,200|453ms
-> request: /v1/api/tickle
-> GET /v1/api/tickle,200|422ms
-> request: /v1/api/tickle
-> GET /v1/api/tickle,200|475ms
-> request: /v1/api/tickle
-> GET /v1/api/tickle,200|468ms
-> request: /v1/api/tickle
-> GET /v1/api/tickle,200|531ms
-> request: /sso/ping
-> GET /sso/ping,200|516ms
-> request: /v1/api/tickle
-> GET /v1/api/tickle,200|528ms
-> request: /v1/api/tickle
-> GET /v1/api/tickle,200|453ms
-> request: /v1/api/tickle
-> GET /v1/api/tickle,200|461ms
-> request: /v1/api/tickle
-> GET /v1/api/tickle,200|527ms
-> request: /v1/api/tickle
-> GET /v1/api/tickle,200|625ms
-> request: /v1/api/tickle
-> GET /v1/api/tickle,200|451ms
-> request: /v1/api/tickle
-> GET /v1/api/tickle,200|548ms
-> request: /v1/api/tickle
-> GET /v1/api/tickle,200|427ms
-> request: /v1/api/tickle
-> GET /v1/api/tickle,200|456ms
-> request: /v1/api/tickle
-> GET /v1/api/tickle,200|595ms
-> request: /sso/ping
-> GET /sso/ping,200|1250ms
-> request: /v1/api/tickle
-> GET /v1/api/tickle,200|576ms
-> request: /v1/api/tickle
-> GET /v1/api/tickle,200|471ms
-> request: /v1/api/tickle
-> GET /v1/api/tickle,200|456ms
-> request: /v1/api/tickle
-> GET /v1/api/tickle,200|480ms
-> request: /v1/api/tickle
-> GET /v1/api/tickle,200|487ms
-> request: /v1/api/tickle
-> GET /v1/api/tickle,200|963ms
-> request: /v1/api/tickle
-> GET /v1/api/tickle,200|1270ms
-> request: /v1/api/tickle
-> GET /v1/api/tickle,200|645ms
-> request: /v1/api/tickle
-> GET /v1/api/tickle,200|487ms
-> request: /v1/api/tickle
-> GET /v1/api/tickle,200|483ms
-> request: /sso/ping
-> GET /sso/ping,200|439ms
-> request: /v1/api/tickle
-> GET /v1/api/tickle,200|487ms
-> request: /v1/api/tickle
-> GET /v1/api/tickle,200|471ms
-> request: /v1/api/tickle
-> GET /v1/api/tickle,200|1043ms
-> request: /v1/api/tickle
-> GET /v1/api/tickle,200|501ms
-> request: /v1/api/tickle
-> GET /v1/api/tickle,200|862ms
-> request: /v1/api/tickle
-> GET /v1/api/tickle,200|530ms
-> request: /v1/api/tickle
-> GET /v1/api/tickle,200|1234ms
-> request: /v1/api/tickle
-> GET /v1/api/tickle,200|1883ms
-> request: /v1/api/tickle
-> GET /v1/api/tickle,200|455ms
-> request: /v1/api/tickle
-> GET /v1/api/tickle,200|565ms
-> request: /sso/ping
-> GET /sso/ping,200|454ms
-> request: /v1/api/tickle
-> GET /v1/api/tickle,200|1093ms
-> request: /v1/api/tickle
-> GET /v1/api/tickle,200|823ms
-> request: /v1/api/tickle
-> GET /v1/api/tickle,200|560ms
-> request: /v1/api/tickle
-> GET /v1/api/tickle,200|455ms
-> request: /v1/api/tickle
-> GET /v1/api/tickle,200|454ms
-> request: /v1/api/tickle
-> GET /v1/api/tickle,200|486ms
-> request: /v1/api/tickle
-> GET /v1/api/tickle,200|440ms
-> request: /v1/api/tickle
-> GET /v1/api/tickle,200|621ms
-> request: /v1/api/tickle
-> GET /v1/api/tickle,200|480ms
-> request: /v1/api/tickle
-> GET /v1/api/tickle,200|1318ms
-> request: /sso/ping
-> GET /sso/ping,200|432ms
-> request: /v1/api/tickle
-> GET /v1/api/tickle,200|612ms
-> request: /v1/api/tickle
-> GET /v1/api/tickle,200|442ms
-> request: /v1/api/tickle
-> GET /v1/api/tickle,200|424ms
-> request: /v1/api/tickle
-> GET /v1/api/tickle,200|1069ms
-> request: /v1/api/tickle
-> GET /v1/api/tickle,200|502ms
-> request: /v1/api/tickle
-> GET /v1/api/tickle,200|534ms
-> request: /v1/api/tickle
-> GET /v1/api/tickle,200|457ms
-> request: /v1/api/tickle
-> GET /v1/api/tickle,200|486ms
-> request: /v1/api/tickle
-> GET /v1/api/tickle,200|517ms
-> request: /v1/api/tickle
-> GET /v1/api/tickle,200|496ms
-> request: /sso/ping
-> GET /sso/ping,200|506ms
-> request: /v1/api/tickle
-> GET /v1/api/tickle,200|439ms
-> request: /v1/api/tickle
-> GET /v1/api/tickle,200|463ms
-> request: /v1/api/tickle
-> GET /v1/api/tickle,200|566ms
-> request: /v1/api/tickle
-> GET /v1/api/tickle,200|444ms
-> request: /v1/api/tickle
-> GET /v1/api/tickle,200|818ms
-> request: /v1/api/tickle
-> GET /v1/api/tickle,200|469ms
-> request: /v1/api/tickle
-> GET /v1/api/tickle,200|1088ms
-> request: /v1/api/tickle
-> GET /v1/api/tickle,200|449ms
-> request: /v1/api/tickle
-> GET /v1/api/tickle,200|455ms
-> request: /v1/api/tickle
-> GET /v1/api/tickle,200|469ms
-> request: /sso/ping
-> GET /sso/ping,200|448ms
-> request: /v1/api/tickle
-> GET /v1/api/tickle,200|471ms
-> request: /v1/api/tickle
-> GET /v1/api/tickle,200|439ms
-> request: /v1/api/tickle
-> GET /v1/api/tickle,200|462ms
-> request: /v1/api/tickle
-> GET /v1/api/tickle,200|455ms
-> request: /v1/api/tickle
-> GET /v1/api/tickle,200|501ms
-> request: /v1/api/tickle
-> GET /v1/api/tickle,200|516ms
-> request: /v1/api/tickle
-> GET /v1/api/tickle,200|486ms
-> request: /v1/api/tickle
-> GET /v1/api/tickle,200|752ms
-> request: /v1/api/tickle
-> GET /v1/api/tickle,200|528ms
-> request: /v1/api/tickle
-> GET /v1/api/tickle,200|468ms
-> request: /sso/ping
-> GET /sso/ping,200|424ms
-> request: /v1/api/tickle
-> GET /v1/api/tickle,200|450ms
-> request: /v1/api/tickle
-> GET /v1/api/tickle,200|484ms
-> request: /v1/api/tickle
-> GET /v1/api/tickle,200|471ms
-> request: /v1/api/tickle
-> GET /v1/api/tickle,200|438ms
-> request: /v1/api/tickle
-> GET /v1/api/tickle,200|424ms
-> request: /v1/api/tickle
-> GET /v1/api/tickle,200|478ms
-> request: /v1/api/tickle
-> GET /v1/api/tickle,200|455ms
-> request: /v1/api/tickle
-> GET /v1/api/tickle,200|517ms
-> request: /v1/api/tickle
-> GET /v1/api/tickle,200|596ms
-> request: /v1/api/tickle
-> GET /v1/api/tickle,200|455ms
-> request: /sso/ping
-> GET /sso/ping,200|691ms
-> request: /v1/api/tickle
-> GET /v1/api/tickle,200|700ms
-> request: /v1/api/tickle
-> GET /v1/api/tickle,200|548ms
-> request: /v1/api/tickle
-> GET /v1/api/tickle,200|801ms
-> request: /v1/api/tickle
-> GET /v1/api/tickle,200|551ms
-> request: /v1/api/tickle
-> GET /v1/api/tickle,200|463ms
-> request: /v1/api/tickle
-> GET /v1/api/tickle,200|871ms
-> request: /v1/api/tickle
-> GET /v1/api/tickle,200|849ms
-> request: /v1/api/tickle
-> GET /v1/api/tickle,200|829ms
-> request: /v1/api/tickle
-> GET /v1/api/tickle,200|754ms
-> request: /v1/api/tickle
-> GET /v1/api/tickle,200|1569ms
-> request: /sso/ping
-> GET /sso/ping,200|426ms
-> request: /v1/api/tickle
-> GET /v1/api/tickle,200|438ms
-> request: /v1/api/tickle
-> GET /v1/api/tickle,200|1016ms
-> request: /v1/api/tickle
-> GET /v1/api/tickle,200|453ms
-> request: /v1/api/tickle
-> GET /v1/api/tickle,200|531ms
-> request: /v1/api/tickle
-> GET /v1/api/tickle,200|547ms
-> request: /v1/api/tickle
-> GET /v1/api/tickle,200|531ms
-> request: /v1/api/tickle
-> GET /v1/api/tickle,200|796ms
-> request: /v1/api/tickle
-> GET /v1/api/tickle,200|578ms
-> request: /v1/api/tickle
-> GET /v1/api/tickle,200|473ms
-> request: /v1/api/tickle
-> GET /v1/api/tickle,200|453ms
-> request: /sso/ping
-> GET /sso/ping,200|860ms
-> request: /v1/api/tickle
-> GET /v1/api/tickle,200|434ms
-> request: /v1/api/tickle
-> GET /v1/api/tickle,200|453ms
-> request: /v1/api/tickle
-> GET /v1/api/tickle,200|567ms
-> request: /v1/api/tickle
-> GET /v1/api/tickle,200|1140ms
-> request: /v1/api/tickle
-> GET /v1/api/tickle,200|1123ms
-> request: /v1/api/tickle
-> GET /v1/api/tickle,200|469ms
-> request: /v1/api/tickle
-> GET /v1/api/tickle,200|510ms
-> request: /v1/api/tickle
-> GET /v1/api/tickle,200|615ms
-> request: /v1/api/tickle
-> GET /v1/api/tickle,200|469ms
-> request: /v1/api/tickle
-> GET /v1/api/tickle,200|577ms
-> request: /sso/ping
-> GET /sso/ping,200|624ms
-> request: /v1/api/tickle
-> request: /v1/api/tickle
-> GET /v1/api/tickle,200|1171ms
-> request: /v1/api/tickle
-> GET /v1/api/tickle,200|578ms
-> request: /v1/api/tickle
-> GET /v1/api/tickle,200|674ms
