-> GET /v1/api/portfolio/accounts
<- 401 GET /v1/api/portfolio/accounts
-> GET /sso/Login?forwardTo=22&RL=1&ip2loc=US
<- 200 GET /sso/Login?forwardTo=22&RL=1&ip2loc=US
-> GET /css/bootstrap-5.2.2/bootstrap.min.css
-> GET /css/fontawesome-6.4.2/all.min.css
-> GET /css/bootstrap-switch-3.3.2/bootstrap-switch.min.css
-> GET /css/reg-am/login.min.css
-> GET /scripts/common/js/bootstrap-5.2.2/bootstrap.bundle.min.js
-> GET /css/ibkr/theme-ibkr-portal.min.css
<- 200 GET /css/bootstrap-5.2.2/bootstrap.min.css
-> GET /sso/lib/xyz.bundle.min.js
<- 200 GET /css/bootstrap-switch-3.3.2/bootstrap-switch.min.css
-> GET /scripts/common/js/jquery-3.7.0/jquery.min.js
<- 200 GET /css/reg-am/login.min.css
<- 200 GET /css/fontawesome-6.4.2/all.min.css
<- 200 GET /css/ibkr/theme-ibkr-portal.min.css
<- 200 GET /scripts/common/js/bootstrap-5.2.2/bootstrap.bundle.min.js
<- 200 GET /sso/lib/xyz.bundle.min.js
<- 200 GET /scripts/common/js/jquery-3.7.0/jquery.min.js
-> GET /images/common/logos/ibkr/interactive-brokers.svg
-> GET /fonts/proxima-nova/Proxima-Nova-Regular.woff2
-> GET /fonts/fontawesome-6.4.2/webfonts/fa-brands-400.woff2
-> GET /fonts/proxima-nova/Proxima-Nova-Semibold.woff2
-> GET /fonts/fontawesome-6.4.2/webfonts/fa-solid-900.woff2
-> POST /sso/report
<- 200 GET /images/common/logos/ibkr/interactive-brokers.svg
-> POST /portal.proxy/v1/gstat/bulletins
<- 200 GET /fonts/proxima-nova/Proxima-Nova-Semibold.woff2
<- 200 GET /fonts/fontawesome-6.4.2/webfonts/fa-brands-400.woff2
<- 200 GET /fonts/proxima-nova/Proxima-Nova-Regular.woff2
<- 200 GET /fonts/fontawesome-6.4.2/webfonts/fa-solid-900.woff2
<- 204 POST /portal.proxy/v1/gstat/bulletins
-> GET /images/web/favicons/home-screen-icon-128x128.png
<- 200 GET /images/web/favicons/home-screen-icon-128x128.png
<- 200 POST /sso/report
-> GET /images/common/logos/ibkr/interactive-brokers-inverse.svg
<- 200 GET /images/common/logos/ibkr/interactive-brokers-inverse.svg
-> POST /sso/Authenticator
<- 200 POST /sso/Authenticator
-> POST /sso/Authenticator
<- 200 POST /sso/Authenticator
-> POST /sso/Dispatcher
<- 302 POST /sso/Dispatcher
-> request: /v1/api/sso/validate?gw=1
-> GET /v1/api/sso/validate?gw=1,200|1090ms
-> request: /v1/api/one/user
-> request: /v1/api/ssodh/init
-> sso GET https://api.ibkr.com/v1/api/ssodh/init
-> GET /v1/api/one/user,200|427ms
-> request: /v1/api/ssodh/st
-> sso GET https://api.ibkr.com/v1/api/ssodh/st
-> request: /sso/Authenticator?ACTION=PUBLISH_TST&RESP_TYPE=JSON&DEVICE_ID=4040d5f4|00-15-5D-5B-E8-B5
-> sso GET https://api.ibkr.com/sso/Authenticator?ACTION=PUBLISH_TST&RESP_TYPE=JSON&DEVICE_ID=4040d5f4|00-15-5D-5B-E8-B5
<- 200 GET https://api.ibkr.com/sso/Authenticator?ACTION=PUBLISH_TST&RESP_TYPE=JSON&DEVICE_ID=4040d5f4|00-15-5D-5B-E8-B5 0
-> request: /v1/api/iserver/auth/status
-> GET /v1/api/iserver/auth/status,200|237ms
-> request: /v1/api/iserver/auth/ssodh/init
-> POST https://api.ibkr.com/v1/api/iserver/auth/ssodh/init,200|1842ms
-> request: /v1/api/iserver/accounts
-> GET /v1/api/iserver/accounts,200|211ms
-> request: /v1/api/tickle
-> GET /v1/api/tickle,200|497ms
-> request: /v1/api/tickle
-> GET /v1/api/tickle,200|223ms
-> request: /v1/api/tickle
-> GET /v1/api/tickle,200|200ms
-> GET /sso/Login?forwardTo=22&RL=1&ip2loc=US
<- 200 GET /sso/Login?forwardTo=22&RL=1&ip2loc=US
-> GET /css/bootstrap-5.2.2/bootstrap.min.css
-> GET /css/fontawesome-6.4.2/all.min.css
-> GET /css/bootstrap-switch-3.3.2/bootstrap-switch.min.css
-> GET /css/reg-am/login.min.css
-> GET /css/ibkr/theme-ibkr-portal.min.css
-> GET /scripts/common/js/bootstrap-5.2.2/bootstrap.bundle.min.js
<- 200 GET /css/bootstrap-5.2.2/bootstrap.min.css
<- 200 GET /css/bootstrap-switch-3.3.2/bootstrap-switch.min.css
-> GET /sso/lib/xyz.bundle.min.js
<- 200 GET /css/reg-am/login.min.css
<- 200 GET /css/fontawesome-6.4.2/all.min.css
-> GET /scripts/common/js/jquery-3.7.0/jquery.min.js
<- 200 GET /css/ibkr/theme-ibkr-portal.min.css
<- 200 GET /scripts/common/js/jquery-3.7.0/jquery.min.js
<- 200 GET /scripts/common/js/bootstrap-5.2.2/bootstrap.bundle.min.js
<- 200 GET /sso/lib/xyz.bundle.min.js
-> GET /images/common/logos/ibkr/interactive-brokers.svg
-> GET /fonts/proxima-nova/Proxima-Nova-Regular.woff2
-> GET /fonts/proxima-nova/Proxima-Nova-Semibold.woff2
-> GET /fonts/fontawesome-6.4.2/webfonts/fa-solid-900.woff2
-> GET /fonts/fontawesome-6.4.2/webfonts/fa-brands-400.woff2
-> POST /sso/report
<- 200 GET /fonts/fontawesome-6.4.2/webfonts/fa-brands-400.woff2
<- 200 GET /fonts/proxima-nova/Proxima-Nova-Regular.woff2
-> POST /portal.proxy/v1/gstat/bulletins
<- 200 GET /fonts/proxima-nova/Proxima-Nova-Semibold.woff2
<- 200 GET /images/common/logos/ibkr/interactive-brokers.svg
<- 200 GET /fonts/fontawesome-6.4.2/webfonts/fa-solid-900.woff2
<- 204 POST /portal.proxy/v1/gstat/bulletins
<- 200 POST /sso/report
-> request: /v1/api/tickle
-> GET /v1/api/tickle,200|204ms
-> GET /sso/Login?forwardTo=22&RL=1&ip2loc=US
<- 200 GET /sso/Login?forwardTo=22&RL=1&ip2loc=US
-> GET /css/bootstrap-5.2.2/bootstrap.min.css
-> GET /css/reg-am/login.min.css
-> GET /css/ibkr/theme-ibkr-portal.min.css
-> GET /css/fontawesome-6.4.2/all.min.css
-> GET /css/bootstrap-switch-3.3.2/bootstrap-switch.min.css
-> GET /scripts/common/js/jquery-3.7.0/jquery.min.js
<- 200 GET /css/bootstrap-switch-3.3.2/bootstrap-switch.min.css
-> GET /scripts/common/js/bootstrap-5.2.2/bootstrap.bundle.min.js
<- 200 GET /css/ibkr/theme-ibkr-portal.min.css
<- 200 GET /css/bootstrap-5.2.2/bootstrap.min.css
<- 200 GET /css/reg-am/login.min.css
<- 200 GET /css/fontawesome-6.4.2/all.min.css
-> GET /sso/lib/xyz.bundle.min.js
<- 200 GET /scripts/common/js/jquery-3.7.0/jquery.min.js
<- 200 GET /scripts/common/js/bootstrap-5.2.2/bootstrap.bundle.min.js
<- 200 GET /sso/lib/xyz.bundle.min.js
-> GET /images/common/logos/ibkr/interactive-brokers.svg
-> GET /fonts/proxima-nova/Proxima-Nova-Regular.woff2
-> GET /fonts/proxima-nova/Proxima-Nova-Semibold.woff2
-> GET /fonts/fontawesome-6.4.2/webfonts/fa-solid-900.woff2
-> GET /fonts/fontawesome-6.4.2/webfonts/fa-brands-400.woff2
-> POST /sso/report
<- 200 GET /fonts/fontawesome-6.4.2/webfonts/fa-brands-400.woff2
<- 200 GET /images/common/logos/ibkr/interactive-brokers.svg
<- 200 GET /fonts/proxima-nova/Proxima-Nova-Semibold.woff2
-> POST /portal.proxy/v1/gstat/bulletins
<- 200 GET /fonts/fontawesome-6.4.2/webfonts/fa-solid-900.woff2
<- 200 GET /fonts/proxima-nova/Proxima-Nova-Regular.woff2
<- 204 POST /portal.proxy/v1/gstat/bulletins
<- 200 POST /sso/report
-> GET /sso/Login?forwardTo=22&RL=1&ip2loc=US
<- 200 GET /sso/Login?forwardTo=22&RL=1&ip2loc=US
-> GET /css/bootstrap-5.2.2/bootstrap.min.css
-> GET /css/fontawesome-6.4.2/all.min.css
-> GET /css/ibkr/theme-ibkr-portal.min.css
-> GET /css/reg-am/login.min.css
-> GET /css/bootstrap-switch-3.3.2/bootstrap-switch.min.css
-> GET /scripts/common/js/jquery-3.7.0/jquery.min.js
<- 200 GET /css/bootstrap-5.2.2/bootstrap.min.css
<- 200 GET /css/fontawesome-6.4.2/all.min.css
<- 200 GET /css/reg-am/login.min.css
<- 200 GET /css/ibkr/theme-ibkr-portal.min.css
<- 200 GET /css/bootstrap-switch-3.3.2/bootstrap-switch.min.css
-> GET /scripts/common/js/bootstrap-5.2.2/bootstrap.bundle.min.js
-> GET /sso/lib/xyz.bundle.min.js
<- 200 GET /scripts/common/js/jquery-3.7.0/jquery.min.js
<- 200 GET /scripts/common/js/bootstrap-5.2.2/bootstrap.bundle.min.js
<- 200 GET /sso/lib/xyz.bundle.min.js
-> GET /images/common/logos/ibkr/interactive-brokers.svg
-> GET /fonts/fontawesome-6.4.2/webfonts/fa-solid-900.woff2
-> GET /fonts/proxima-nova/Proxima-Nova-Regular.woff2
-> POST /sso/report
-> POST /portal.proxy/v1/gstat/bulletins
<- 200 GET /fonts/proxima-nova/Proxima-Nova-Regular.woff2
<- 200 GET /images/common/logos/ibkr/interactive-brokers.svg
-> GET /fonts/fontawesome-6.4.2/webfonts/fa-brands-400.woff2
-> GET /fonts/proxima-nova/Proxima-Nova-Semibold.woff2
<- 200 GET /fonts/fontawesome-6.4.2/webfonts/fa-solid-900.woff2
<- 200 GET /fonts/proxima-nova/Proxima-Nova-Semibold.woff2
<- 200 GET /fonts/fontawesome-6.4.2/webfonts/fa-brands-400.woff2
<- 204 POST /portal.proxy/v1/gstat/bulletins
<- 200 POST /sso/report
-> request: /v1/api/tickle
-> GET /v1/api/tickle,200|286ms
-> GET /v1/api/fyi/settings
<- 200 GET /v1/api/fyi/settings
-> request: /v1/api/tickle
-> GET /v1/api/tickle,200|207ms
-> request: /v1/api/tickle
-> GET /v1/api/fyi/settings
-> GET /v1/api/tickle,200|223ms
<- 200 GET /v1/api/fyi/settings
-> request: /v1/api/tickle
-> GET /v1/api/tickle,200|346ms
-> request: /v1/api/tickle
-> GET /v1/api/tickle,200|626ms
-> request: /sso/ping
-> GET /sso/ping,200|609ms
-> request: /v1/api/tickle
-> GET /v1/api/tickle,200|219ms
-> request: /v1/api/tickle
-> GET /v1/api/tickle,200|238ms
-> request: /v1/api/tickle
-> GET /v1/api/tickle,200|211ms
-> GET /v1/api/hmds/historys
-> request: /v1/api/tickle
-> GET /v1/api/tickle,200|216ms
<- 503 GET /v1/api/hmds/historys
-> GET /v1/api/hmds/history
<- 503 GET /v1/api/hmds/history
-> request: /v1/api/tickle
-> GET /v1/api/tickle,200|435ms
-> request: /v1/api/tickle
-> GET /v1/api/tickle,200|204ms
-> GET /v1/api/iserver/marketdata/snapshot
<- 400 GET /v1/api/iserver/marketdata/snapshot
-> request: /v1/api/tickle
-> GET /v1/api/tickle,200|412ms
-> request: /v1/api/tickle
-> GET /v1/api/tickle,200|205ms
-> request: /v1/api/tickle
-> GET /v1/api/tickle,200|204ms
-> request: /v1/api/tickle
-> GET /v1/api/tickle,200|217ms
-> request: /sso/ping
-> GET /sso/ping,200|742ms
-> request: /v1/api/tickle
-> GET /v1/api/tickle,200|1112ms
-> request: /v1/api/tickle
-> GET /v1/api/tickle,200|420ms
-> request: /v1/api/tickle
-> GET /v1/api/tickle,200|639ms
-> request: /v1/api/tickle
-> GET /v1/api/tickle,200|433ms
-> request: /v1/api/tickle
-> GET /v1/api/tickle,200|430ms
-> GET /v1/api/iserver/scanner/params
<- 200 GET /v1/api/iserver/scanner/params
-> request: /v1/api/tickle
-> GET /v1/api/tickle,200|454ms
-> request: /v1/api/tickle
-> GET /v1/api/tickle,200|435ms
-> request: /v1/api/tickle
-> GET /v1/api/tickle,200|430ms
-> request: /v1/api/tickle
-> GET /v1/api/tickle,200|590ms
-> request: /v1/api/tickle
-> GET /v1/api/tickle,200|639ms
-> request: /sso/ping
-> GET /sso/ping,200|620ms
-> request: /v1/api/tickle
-> GET /v1/api/tickle,200|458ms
-> request: /v1/api/tickle
-> GET /v1/api/tickle,200|440ms
-> request: /v1/api/tickle
-> GET /v1/api/tickle,200|433ms
-> request: /v1/api/tickle
-> GET /v1/api/tickle,200|443ms
-> request: /v1/api/tickle
-> GET /v1/api/tickle,200|442ms
-> request: /v1/api/tickle
-> GET /v1/api/tickle,200|437ms
-> request: /v1/api/tickle
-> GET /v1/api/tickle,200|429ms
-> request: /v1/api/tickle
-> GET /v1/api/tickle,200|465ms
-> request: /v1/api/tickle
-> GET /v1/api/tickle,200|1750ms
-> request: /v1/api/tickle
-> GET /v1/api/tickle,200|694ms
-> request: /sso/ping
-> GET /sso/ping,200|608ms
-> request: /v1/api/tickle
-> GET /v1/api/tickle,200|470ms
-> request: /v1/api/tickle
-> GET /v1/api/tickle,200|457ms
-> request: /v1/api/tickle
-> GET /v1/api/tickle,200|935ms
-> request: /v1/api/tickle
-> GET /v1/api/tickle,200|444ms
-> request: /v1/api/tickle
-> GET /v1/api/tickle,200|428ms
-> request: /v1/api/tickle
-> GET /v1/api/tickle,200|459ms
-> request: /v1/api/tickle
-> GET /v1/api/tickle,200|454ms
-> request: /v1/api/tickle
-> GET /v1/api/tickle,200|423ms
-> request: /v1/api/tickle
-> GET /v1/api/tickle,200|458ms
-> request: /v1/api/tickle
-> GET /v1/api/tickle,200|441ms
-> request: /sso/ping
-> GET /sso/ping,200|618ms
-> request: /v1/api/tickle
-> GET /v1/api/tickle,200|637ms
-> request: /v1/api/tickle
-> GET /v1/api/tickle,200|793ms
-> request: /v1/api/tickle
-> GET /v1/api/tickle,200|662ms
-> request: /v1/api/tickle
-> GET /v1/api/tickle,200|443ms
-> request: /v1/api/tickle
-> GET /v1/api/tickle,200|485ms
-> request: /v1/api/tickle
-> GET /v1/api/tickle,200|453ms
-> request: /v1/api/tickle
-> GET /v1/api/tickle,200|446ms
-> request: /v1/api/tickle
-> GET /v1/api/tickle,200|1034ms
-> request: /v1/api/tickle
-> GET /v1/api/tickle,200|423ms
-> request: /v1/api/tickle
-> GET /v1/api/tickle,200|437ms
-> request: /sso/ping
-> GET /sso/ping,200|617ms
-> request: /v1/api/tickle
-> GET /v1/api/tickle,200|424ms
-> request: /v1/api/tickle
-> GET /v1/api/tickle,200|451ms
-> request: /v1/api/tickle
-> GET /v1/api/tickle,200|420ms
-> request: /v1/api/tickle
-> GET /v1/api/tickle,200|845ms
-> request: /v1/api/tickle
-> GET /v1/api/tickle,200|421ms
-> request: /v1/api/tickle
-> GET /v1/api/tickle,200|1383ms
-> request: /v1/api/tickle
-> GET /v1/api/tickle,200|721ms
-> request: /v1/api/tickle
-> GET /v1/api/tickle,200|415ms
-> request: /v1/api/tickle
-> GET /v1/api/tickle,200|424ms
-> request: /v1/api/tickle
-> GET /v1/api/tickle,200|484ms
-> request: /sso/ping
-> GET /sso/ping,200|659ms
-> request: /v1/api/tickle
-> GET /v1/api/tickle,200|897ms
-> request: /v1/api/tickle
-> GET /v1/api/tickle,200|426ms
-> request: /v1/api/tickle
-> GET /v1/api/tickle,200|768ms
-> GET /v1/api/iserver/auth/status
<- 200 GET /v1/api/iserver/auth/status
-> request: /v1/api/tickle
-> GET /v1/api/tickle,200|441ms
-> GET /v1/api/iserver/account
<- 405 GET /v1/api/iserver/account
-> request: /v1/api/tickle
-> GET /v1/api/tickle,200|454ms
-> GET /v1/api/iserver/account
<- 405 GET /v1/api/iserver/account
-> GET /v1/api/iserver/account
<- 405 GET /v1/api/iserver/account
-> request: /v1/api/tickle
-> GET /v1/api/tickle,200|437ms
-> GET /v1/api/iserver/auth/status
<- 200 GET /v1/api/iserver/auth/status
-> request: /v1/api/tickle
-> GET /v1/api/tickle,200|484ms
-> request: /v1/api/tickle
-> GET /v1/api/tickle,200|704ms
-> request: /v1/api/tickle
-> GET /v1/api/tickle,200|530ms
-> request: /v1/api/tickle
-> GET /v1/api/tickle,200|437ms
-> request: /sso/ping
-> GET /sso/ping,200|599ms
-> request: /v1/api/tickle
-> GET /v1/api/tickle,200|656ms
-> request: /v1/api/tickle
-> GET /v1/api/tickle,200|469ms
-> request: /v1/api/tickle
-> GET /v1/api/tickle,200|894ms
-> request: /v1/api/tickle
-> GET /v1/api/tickle,200|438ms
-> request: /v1/api/tickle
-> GET /v1/api/tickle,200|438ms
-> request: /v1/api/tickle
-> GET /v1/api/tickle,200|469ms
-> request: /v1/api/tickle
-> GET /v1/api/tickle,200|422ms
-> request: /v1/api/tickle
-> GET /v1/api/tickle,200|438ms
-> request: /v1/api/tickle
-> GET /v1/api/tickle,200|485ms
-> request: /v1/api/tickle
-> GET /v1/api/tickle,200|453ms
-> request: /sso/ping
-> GET /sso/ping,200|630ms
-> request: /v1/api/tickle
-> GET /v1/api/tickle,200|424ms
-> request: /v1/api/tickle
-> GET /v1/api/tickle,200|422ms
-> request: /v1/api/tickle
-> GET /v1/api/tickle,200|407ms
-> request: /v1/api/tickle
-> GET /v1/api/tickle,200|672ms
-> request: /v1/api/tickle
-> GET /v1/api/tickle,200|422ms
-> request: /v1/api/tickle
-> GET /v1/api/tickle,200|438ms
-> request: /v1/api/tickle
-> GET /v1/api/tickle,200|687ms
-> request: /v1/api/tickle
-> GET /v1/api/tickle,200|422ms
-> request: /v1/api/tickle
-> GET /v1/api/tickle,200|422ms
-> request: /v1/api/tickle
-> GET /v1/api/tickle,200|437ms
-> request: /sso/ping
-> GET /sso/ping,200|599ms
-> request: /v1/api/tickle
-> GET /v1/api/tickle,200|656ms
-> request: /v1/api/tickle
-> GET /v1/api/tickle,200|562ms
-> request: /v1/api/tickle
-> GET /v1/api/tickle,200|405ms
-> request: /v1/api/tickle
-> GET /v1/api/tickle,200|421ms
-> request: /v1/api/tickle
-> GET /v1/api/tickle,200|406ms
-> request: /v1/api/tickle
-> GET /v1/api/tickle,200|953ms
-> request: /v1/api/tickle
-> GET /v1/api/tickle,200|421ms
-> request: /v1/api/tickle
-> GET /v1/api/tickle,200|438ms
-> request: /v1/api/tickle
-> GET /v1/api/tickle,200|421ms
-> request: /v1/api/tickle
-> GET /v1/api/tickle,200|422ms
-> request: /sso/ping
-> GET /sso/ping,200|835ms
-> request: /v1/api/tickle
-> GET /v1/api/tickle,200|562ms
-> request: /v1/api/tickle
-> GET /v1/api/tickle,200|421ms
-> request: /v1/api/tickle
-> GET /v1/api/tickle,200|407ms
-> request: /v1/api/tickle
-> GET /v1/api/tickle,200|421ms
-> request: /v1/api/tickle
-> GET /v1/api/tickle,200|437ms
-> request: /v1/api/tickle
-> GET /v1/api/tickle,200|578ms
-> request: /v1/api/tickle
-> GET /v1/api/tickle,200|422ms
-> request: /v1/api/tickle
-> GET /v1/api/tickle,200|422ms
-> request: /v1/api/tickle
-> GET /v1/api/tickle,200|1206ms
-> request: /v1/api/tickle
-> GET /v1/api/tickle,200|437ms
-> request: /sso/ping
-> GET /sso/ping,200|594ms
-> request: /v1/api/tickle
-> GET /v1/api/tickle,200|469ms
-> request: /v1/api/tickle
-> GET /v1/api/tickle,200|422ms
-> request: /v1/api/tickle
-> GET /v1/api/tickle,200|438ms
-> request: /v1/api/tickle
-> GET /v1/api/tickle,200|453ms
-> request: /v1/api/tickle
-> GET /v1/api/tickle,200|719ms
-> request: /v1/api/tickle
-> GET /v1/api/tickle,200|640ms
-> request: /v1/api/tickle
-> GET /v1/api/tickle,200|412ms
-> request: /v1/api/tickle
-> GET /v1/api/tickle,200|594ms
-> request: /v1/api/tickle
-> GET /v1/api/tickle,200|421ms
-> request: /v1/api/tickle
-> GET /v1/api/tickle,200|625ms
-> request: /sso/ping
-> GET /sso/ping,200|600ms
-> request: /v1/api/tickle
-> GET /v1/api/tickle,200|421ms
-> request: /v1/api/tickle
-> GET /v1/api/tickle,200|651ms
-> request: /v1/api/tickle
-> GET /v1/api/tickle,200|827ms
-> request: /v1/api/tickle
-> GET /v1/api/tickle,200|421ms
-> request: /v1/api/tickle
-> GET /v1/api/tickle,200|671ms
-> request: /v1/api/tickle
-> GET /v1/api/tickle,200|731ms
-> request: /v1/api/tickle
-> GET /v1/api/tickle,200|671ms
-> request: /v1/api/tickle
-> GET /v1/api/tickle,200|437ms
-> request: /v1/api/tickle
-> request: /sso/ping
-> request: /v1/api/tickle
-> request: /sso/ping
-> request: /v1/api/tickle
-> request: /sso/ping
-> request: /v1/api/tickle
-> request: /sso/ping
-> request: /v1/api/tickle
-> request: /sso/ping
-> request: /v1/api/tickle
-> request: /sso/ping
-> request: /v1/api/tickle
-> request: /sso/ping
-> request: /v1/api/tickle
-> request: /sso/ping
-> request: /v1/api/tickle
-> request: /sso/ping
-> request: /v1/api/tickle
-> request: /sso/ping
-> request: /v1/api/tickle
-> request: /sso/ping
-> request: /v1/api/tickle
-> request: /sso/ping
-> request: /v1/api/tickle
-> request: /sso/ping
-> request: /v1/api/tickle
-> request: /sso/ping
-> request: /v1/api/tickle
-> request: /sso/ping
-> request: /v1/api/tickle
-> request: /sso/ping
-> request: /v1/api/tickle
-> request: /sso/ping
-> request: /v1/api/tickle
-> request: /sso/ping
-> request: /v1/api/tickle
-> request: /sso/ping
-> request: /v1/api/tickle
-> request: /sso/ping
-> request: /v1/api/tickle
-> request: /sso/ping
-> request: /v1/api/tickle
-> request: /sso/ping
-> request: /v1/api/tickle
-> request: /sso/ping
-> request: /v1/api/tickle
-> request: /sso/ping
-> request: /v1/api/tickle
-> request: /sso/ping
-> request: /v1/api/tickle
-> request: /sso/ping
-> request: /v1/api/tickle
-> request: /sso/ping
-> request: /v1/api/tickle
-> request: /sso/ping
-> request: /v1/api/tickle
-> request: /sso/ping
-> request: /v1/api/tickle
-> request: /sso/ping
-> request: /v1/api/tickle
-> request: /sso/ping
-> request: /v1/api/tickle
-> request: /sso/ping
-> request: /v1/api/tickle
-> request: /sso/ping
-> request: /v1/api/tickle
-> request: /sso/ping
-> request: /v1/api/tickle
-> request: /sso/ping
-> request: /v1/api/tickle
-> request: /sso/ping
-> request: /v1/api/tickle
-> request: /sso/ping
-> request: /v1/api/tickle
-> request: /sso/ping
-> request: /v1/api/tickle
-> request: /sso/ping
-> request: /v1/api/tickle
-> request: /sso/ping
-> request: /v1/api/tickle
-> request: /sso/ping
-> request: /v1/api/tickle
-> request: /sso/ping
-> request: /v1/api/tickle
-> request: /sso/ping
-> request: /v1/api/tickle
-> request: /sso/ping
-> request: /v1/api/tickle
-> request: /sso/ping
-> request: /v1/api/tickle
-> request: /sso/ping
-> request: /v1/api/tickle
-> request: /sso/ping
-> request: /v1/api/tickle
-> request: /sso/ping
-> request: /v1/api/tickle
-> request: /sso/ping
-> request: /v1/api/tickle
-> request: /sso/ping
-> request: /v1/api/tickle
-> request: /sso/ping
-> request: /v1/api/tickle
-> request: /sso/ping
-> request: /v1/api/tickle
-> request: /sso/ping
-> request: /v1/api/tickle
-> request: /sso/ping
-> request: /v1/api/tickle
-> request: /sso/ping
-> request: /v1/api/tickle
-> request: /sso/ping
-> request: /v1/api/tickle
-> request: /sso/ping
-> request: /v1/api/tickle
-> request: /sso/ping
-> request: /v1/api/tickle
-> request: /sso/ping
-> request: /v1/api/tickle
-> request: /sso/ping
-> request: /v1/api/tickle
-> request: /sso/ping
-> request: /v1/api/tickle
-> request: /sso/ping
-> request: /v1/api/tickle
-> request: /v1/api/tickle
-> request: /v1/api/tickle
-> request: /v1/api/tickle
-> request: /v1/api/tickle
-> request: /v1/api/tickle
-> request: /v1/api/tickle
-> request: /v1/api/tickle
-> request: /v1/api/tickle
-> request: /v1/api/tickle
-> request: /v1/api/tickle
-> request: /v1/api/tickle
-> request: /v1/api/tickle
-> request: /v1/api/tickle
-> request: /v1/api/tickle
-> request: /v1/api/tickle
-> request: /v1/api/tickle
-> request: /v1/api/tickle
-> request: /v1/api/tickle
-> request: /v1/api/tickle
-> request: /v1/api/tickle
-> request: /v1/api/tickle
-> request: /v1/api/tickle
-> request: /v1/api/tickle
-> request: /v1/api/tickle
-> request: /v1/api/tickle
-> request: /v1/api/tickle
-> request: /v1/api/tickle
-> request: /v1/api/tickle
-> request: /v1/api/tickle
-> request: /v1/api/tickle
-> request: /v1/api/tickle
-> request: /v1/api/tickle
-> request: /v1/api/tickle
-> request: /v1/api/tickle
-> request: /v1/api/tickle
-> request: /v1/api/tickle
-> request: /v1/api/tickle
-> request: /v1/api/tickle
-> request: /v1/api/tickle
-> request: /v1/api/tickle
-> request: /v1/api/tickle
-> request: /v1/api/tickle
-> request: /v1/api/tickle
-> request: /v1/api/tickle
-> request: /v1/api/tickle
-> request: /v1/api/tickle
-> request: /v1/api/tickle
-> request: /v1/api/tickle
-> request: /v1/api/tickle
-> request: /v1/api/tickle
-> request: /v1/api/tickle
-> request: /v1/api/tickle
-> request: /v1/api/tickle
-> request: /v1/api/tickle
-> request: /v1/api/tickle
-> request: /v1/api/tickle
-> request: /v1/api/tickle
-> request: /v1/api/tickle
-> request: /v1/api/tickle
-> request: /v1/api/tickle
-> request: /v1/api/tickle
-> request: /v1/api/tickle
-> request: /v1/api/tickle
-> request: /v1/api/tickle
-> request: /v1/api/tickle
-> request: /v1/api/tickle
-> request: /v1/api/tickle
-> request: /v1/api/tickle
-> request: /v1/api/tickle
-> request: /v1/api/tickle
-> request: /v1/api/tickle
-> request: /v1/api/tickle
-> request: /v1/api/tickle
-> request: /v1/api/tickle
-> request: /v1/api/tickle
-> request: /v1/api/tickle
-> request: /v1/api/tickle
-> request: /v1/api/tickle
-> request: /v1/api/tickle
-> request: /v1/api/tickle
-> request: /v1/api/tickle
-> request: /v1/api/tickle
-> request: /v1/api/tickle
-> request: /v1/api/tickle
-> request: /v1/api/tickle
-> request: /v1/api/tickle
-> request: /v1/api/tickle
-> request: /v1/api/tickle
-> request: /v1/api/tickle
-> request: /v1/api/tickle
-> request: /v1/api/tickle
-> request: /v1/api/tickle
-> request: /v1/api/tickle
-> request: /v1/api/tickle
-> request: /v1/api/tickle
-> request: /v1/api/tickle
-> request: /v1/api/tickle
-> request: /v1/api/tickle
-> request: /v1/api/tickle
-> request: /v1/api/tickle
-> request: /v1/api/tickle
-> request: /v1/api/tickle
-> request: /v1/api/tickle
-> request: /v1/api/tickle
-> request: /v1/api/tickle
-> request: /v1/api/tickle
-> request: /v1/api/tickle
-> request: /v1/api/tickle
-> request: /v1/api/tickle
-> request: /v1/api/tickle
-> request: /v1/api/tickle
-> request: /v1/api/tickle
-> request: /v1/api/tickle
-> request: /v1/api/tickle
-> request: /v1/api/tickle
-> request: /v1/api/tickle
-> request: /v1/api/tickle
-> request: /v1/api/tickle
-> request: /v1/api/tickle
-> request: /v1/api/tickle
-> request: /v1/api/tickle
-> request: /v1/api/tickle
-> request: /v1/api/tickle
-> request: /v1/api/tickle
-> request: /v1/api/tickle
-> request: /v1/api/tickle
-> request: /v1/api/tickle
-> request: /v1/api/tickle
-> request: /v1/api/tickle
-> request: /v1/api/tickle
-> request: /v1/api/tickle
-> request: /v1/api/tickle
-> request: /v1/api/tickle
-> request: /v1/api/tickle
-> request: /v1/api/tickle
-> request: /v1/api/tickle
-> request: /v1/api/tickle
-> request: /v1/api/tickle
-> request: /v1/api/tickle
-> request: /v1/api/tickle
-> request: /v1/api/tickle
-> request: /v1/api/tickle
-> request: /v1/api/tickle
-> request: /v1/api/tickle
-> request: /v1/api/tickle
-> request: /v1/api/tickle
-> request: /v1/api/tickle
-> request: /v1/api/tickle
-> request: /v1/api/tickle
-> request: /v1/api/tickle
-> request: /v1/api/tickle
-> request: /v1/api/tickle
-> request: /v1/api/tickle
-> request: /v1/api/tickle
-> request: /v1/api/tickle
-> request: /v1/api/tickle
-> request: /v1/api/tickle
-> request: /v1/api/tickle
-> request: /v1/api/tickle
-> request: /v1/api/tickle
-> request: /v1/api/tickle
-> request: /v1/api/tickle
-> request: /v1/api/tickle
-> request: /v1/api/tickle
-> request: /v1/api/tickle
-> request: /v1/api/tickle
-> request: /v1/api/tickle
-> request: /v1/api/tickle
-> request: /v1/api/tickle
-> request: /v1/api/tickle
-> request: /v1/api/tickle
-> request: /v1/api/tickle
-> request: /v1/api/tickle
-> request: /v1/api/tickle
-> request: /v1/api/tickle
-> request: /v1/api/tickle
-> request: /v1/api/tickle
-> request: /v1/api/tickle
-> request: /v1/api/tickle
-> request: /v1/api/tickle
-> request: /v1/api/tickle
-> request: /v1/api/tickle
-> request: /v1/api/tickle
-> request: /v1/api/tickle
-> request: /v1/api/tickle
-> request: /v1/api/tickle
-> request: /v1/api/tickle
-> request: /v1/api/tickle
-> request: /v1/api/tickle
-> request: /v1/api/tickle
-> request: /v1/api/tickle
-> request: /v1/api/tickle
-> request: /v1/api/tickle
-> request: /v1/api/tickle
-> request: /v1/api/tickle
-> request: /v1/api/tickle
-> request: /v1/api/tickle
-> request: /v1/api/tickle
-> request: /v1/api/tickle
-> request: /v1/api/tickle
-> request: /v1/api/tickle
-> request: /v1/api/tickle
-> request: /v1/api/tickle
-> request: /v1/api/tickle
-> request: /v1/api/tickle
-> request: /v1/api/tickle
-> request: /v1/api/tickle
-> request: /v1/api/tickle
-> request: /v1/api/tickle
-> request: /v1/api/tickle
-> request: /v1/api/tickle
-> request: /v1/api/tickle
-> request: /v1/api/tickle
-> request: /v1/api/tickle
-> request: /v1/api/tickle
-> request: /v1/api/tickle
-> request: /v1/api/tickle
-> request: /v1/api/tickle
-> request: /v1/api/tickle
-> request: /v1/api/tickle
-> request: /v1/api/tickle
-> request: /v1/api/tickle
-> request: /v1/api/tickle
-> request: /v1/api/tickle
-> request: /v1/api/tickle
-> request: /v1/api/tickle
-> request: /v1/api/tickle
-> request: /v1/api/tickle
-> request: /v1/api/tickle
-> request: /v1/api/tickle
-> request: /v1/api/tickle
-> request: /v1/api/tickle
-> request: /v1/api/tickle
-> request: /v1/api/tickle
-> request: /v1/api/tickle
-> request: /v1/api/tickle
-> request: /v1/api/tickle
-> request: /v1/api/tickle
-> request: /v1/api/tickle
-> request: /v1/api/tickle
-> request: /v1/api/tickle
-> request: /v1/api/tickle
-> request: /v1/api/tickle
-> request: /v1/api/tickle
-> request: /v1/api/tickle
-> request: /v1/api/tickle
-> request: /v1/api/tickle
-> request: /v1/api/tickle
-> request: /v1/api/tickle
-> request: /v1/api/tickle
-> request: /v1/api/tickle
-> request: /v1/api/tickle
-> request: /v1/api/tickle
-> request: /v1/api/tickle
-> request: /v1/api/tickle
-> request: /v1/api/tickle
-> request: /v1/api/tickle
-> request: /v1/api/tickle
-> request: /v1/api/tickle
-> request: /v1/api/tickle
-> request: /v1/api/tickle
-> request: /v1/api/tickle
-> request: /v1/api/tickle
-> request: /v1/api/tickle
-> request: /v1/api/tickle
-> request: /v1/api/tickle
-> request: /v1/api/tickle
-> request: /v1/api/tickle
-> request: /v1/api/tickle
-> request: /v1/api/tickle
-> request: /v1/api/tickle
-> request: /v1/api/tickle
-> request: /v1/api/tickle
-> request: /v1/api/tickle
-> request: /v1/api/tickle
-> request: /v1/api/tickle
-> request: /v1/api/tickle
-> request: /v1/api/tickle
-> request: /v1/api/tickle
-> request: /v1/api/tickle
-> request: /v1/api/tickle
-> request: /v1/api/tickle
-> request: /v1/api/tickle
-> request: /v1/api/tickle
-> request: /v1/api/tickle
-> request: /v1/api/tickle
-> request: /v1/api/tickle
-> request: /v1/api/tickle
-> request: /v1/api/tickle
-> request: /v1/api/tickle
-> request: /v1/api/tickle
-> request: /v1/api/tickle
-> request: /v1/api/tickle
-> request: /v1/api/tickle
-> request: /v1/api/tickle
-> request: /v1/api/tickle
-> request: /v1/api/tickle
-> request: /v1/api/tickle
-> request: /v1/api/tickle
-> request: /v1/api/tickle
-> request: /v1/api/tickle
-> request: /v1/api/tickle
-> request: /v1/api/tickle
-> request: /v1/api/tickle
-> request: /v1/api/tickle
-> request: /v1/api/tickle
-> request: /v1/api/tickle
-> request: /v1/api/tickle
-> request: /v1/api/tickle
-> request: /v1/api/tickle
-> request: /v1/api/tickle
-> request: /v1/api/tickle
-> request: /v1/api/tickle
-> request: /v1/api/tickle
-> request: /v1/api/tickle
-> request: /v1/api/tickle
-> request: /v1/api/tickle
-> request: /v1/api/tickle
-> request: /v1/api/tickle
-> request: /v1/api/tickle
-> request: /v1/api/tickle
-> request: /v1/api/tickle
-> request: /v1/api/tickle
-> request: /v1/api/tickle
-> request: /v1/api/tickle
-> request: /v1/api/tickle
-> request: /v1/api/tickle
-> request: /v1/api/tickle
-> request: /v1/api/tickle
-> request: /v1/api/tickle
-> request: /v1/api/tickle
-> request: /v1/api/tickle
-> request: /v1/api/tickle
-> request: /v1/api/tickle
-> request: /v1/api/tickle
-> request: /v1/api/tickle
-> request: /v1/api/tickle
-> request: /v1/api/tickle
-> request: /v1/api/tickle
-> request: /v1/api/tickle
-> request: /v1/api/tickle
-> request: /v1/api/tickle
-> request: /v1/api/tickle
-> request: /v1/api/tickle
-> request: /v1/api/tickle
-> request: /v1/api/tickle
-> request: /v1/api/tickle
-> request: /v1/api/tickle
-> request: /v1/api/tickle
-> request: /v1/api/tickle
-> request: /v1/api/tickle
-> request: /v1/api/tickle
-> request: /v1/api/tickle
-> request: /v1/api/tickle
-> request: /v1/api/tickle
-> request: /v1/api/tickle
-> request: /v1/api/tickle
-> request: /v1/api/tickle
-> request: /v1/api/tickle
-> request: /v1/api/tickle
-> request: /v1/api/tickle
-> request: /v1/api/tickle
-> request: /v1/api/tickle
-> request: /v1/api/tickle
-> request: /v1/api/tickle
-> request: /v1/api/tickle
-> request: /v1/api/tickle
-> request: /v1/api/tickle
-> request: /v1/api/tickle
-> request: /v1/api/tickle
-> request: /v1/api/tickle
-> request: /v1/api/tickle
-> request: /v1/api/tickle
-> request: /v1/api/tickle
-> request: /v1/api/tickle
-> request: /v1/api/tickle
-> request: /v1/api/tickle
-> request: /v1/api/tickle
-> request: /v1/api/tickle
-> request: /v1/api/tickle
-> request: /v1/api/tickle
-> request: /v1/api/tickle
-> request: /v1/api/tickle
-> request: /v1/api/tickle
-> request: /v1/api/tickle
-> request: /v1/api/tickle
-> request: /v1/api/tickle
-> request: /v1/api/tickle
-> request: /v1/api/tickle
-> request: /v1/api/tickle
-> request: /v1/api/tickle
-> request: /v1/api/tickle
-> request: /v1/api/tickle
-> request: /v1/api/tickle
-> request: /v1/api/tickle
-> request: /v1/api/tickle
-> request: /v1/api/tickle
-> request: /v1/api/tickle
-> request: /v1/api/tickle
-> request: /v1/api/tickle
-> request: /v1/api/tickle
-> request: /v1/api/tickle
-> request: /v1/api/tickle
-> request: /v1/api/tickle
-> request: /v1/api/tickle
-> request: /v1/api/tickle
-> request: /v1/api/tickle
-> request: /v1/api/tickle
-> request: /v1/api/tickle
-> request: /v1/api/tickle
-> request: /v1/api/tickle
-> request: /v1/api/tickle
-> request: /v1/api/tickle
-> request: /v1/api/tickle
-> request: /v1/api/tickle
-> request: /v1/api/tickle
-> request: /v1/api/tickle
-> request: /v1/api/tickle
-> request: /v1/api/tickle
-> request: /v1/api/tickle
-> request: /v1/api/tickle
-> request: /v1/api/tickle
-> request: /v1/api/tickle
-> request: /v1/api/tickle
-> request: /v1/api/tickle
-> request: /v1/api/tickle
-> request: /v1/api/tickle
-> request: /v1/api/tickle
-> request: /v1/api/tickle
-> request: /v1/api/tickle
-> request: /v1/api/tickle
-> request: /v1/api/tickle
-> request: /v1/api/tickle
-> request: /v1/api/tickle
-> request: /v1/api/tickle
-> request: /v1/api/tickle
-> request: /v1/api/tickle
-> request: /v1/api/tickle
-> request: /v1/api/tickle
-> request: /v1/api/tickle
-> request: /v1/api/tickle
-> request: /v1/api/tickle
-> request: /v1/api/tickle
-> request: /v1/api/tickle
-> request: /v1/api/tickle
-> request: /v1/api/tickle
-> request: /v1/api/tickle
-> request: /v1/api/tickle
-> request: /v1/api/tickle
-> request: /v1/api/tickle
-> request: /v1/api/tickle
-> request: /v1/api/tickle
-> request: /v1/api/tickle
-> request: /v1/api/tickle
-> request: /v1/api/tickle
-> request: /v1/api/tickle
-> request: /v1/api/tickle
-> request: /v1/api/tickle
-> request: /v1/api/tickle
-> request: /v1/api/tickle
-> request: /v1/api/tickle
-> request: /v1/api/tickle
-> request: /v1/api/tickle
-> request: /v1/api/tickle
-> request: /v1/api/tickle
-> request: /v1/api/tickle
-> request: /v1/api/tickle
-> request: /v1/api/tickle
-> request: /v1/api/tickle
-> request: /v1/api/tickle
-> request: /v1/api/tickle
-> request: /v1/api/tickle
-> request: /v1/api/tickle
-> request: /v1/api/tickle
-> request: /v1/api/tickle
-> request: /v1/api/tickle
-> request: /v1/api/tickle
-> request: /v1/api/tickle
-> request: /v1/api/tickle
-> request: /v1/api/tickle
-> request: /v1/api/tickle
-> request: /v1/api/tickle
-> request: /v1/api/tickle
-> request: /v1/api/tickle
-> request: /v1/api/tickle
-> request: /v1/api/tickle
-> request: /v1/api/tickle
-> request: /v1/api/tickle
-> request: /v1/api/tickle
-> request: /v1/api/tickle
-> request: /v1/api/tickle
-> request: /v1/api/tickle
-> request: /v1/api/tickle
-> request: /v1/api/tickle
-> request: /v1/api/tickle
-> request: /v1/api/tickle
-> request: /v1/api/tickle
-> request: /v1/api/tickle
-> request: /v1/api/tickle
-> request: /v1/api/tickle
-> request: /v1/api/tickle
-> request: /v1/api/tickle
-> request: /v1/api/tickle
-> request: /v1/api/tickle
-> request: /v1/api/tickle
-> request: /v1/api/tickle
-> request: /v1/api/tickle
-> request: /v1/api/tickle
-> request: /v1/api/tickle
-> request: /v1/api/tickle
-> request: /v1/api/tickle
-> request: /v1/api/tickle
-> request: /v1/api/tickle
-> request: /v1/api/tickle
-> request: /v1/api/tickle
-> request: /v1/api/tickle
-> request: /v1/api/tickle
-> request: /v1/api/tickle
-> request: /v1/api/tickle
-> request: /v1/api/tickle
-> request: /v1/api/tickle
-> request: /v1/api/tickle
-> request: /v1/api/tickle
-> request: /v1/api/tickle
-> request: /v1/api/tickle
-> request: /v1/api/tickle
-> request: /v1/api/tickle
-> request: /v1/api/tickle
-> request: /v1/api/tickle
-> request: /v1/api/tickle
-> request: /v1/api/tickle
-> request: /v1/api/tickle
-> request: /v1/api/tickle
-> request: /v1/api/tickle
-> request: /v1/api/tickle
-> request: /v1/api/tickle
-> request: /v1/api/tickle
-> request: /v1/api/tickle
-> request: /v1/api/tickle
-> request: /v1/api/tickle
-> request: /v1/api/tickle
-> request: /v1/api/tickle
-> request: /v1/api/tickle
-> request: /v1/api/tickle
-> request: /v1/api/tickle
-> request: /v1/api/tickle
-> request: /v1/api/tickle
-> request: /v1/api/tickle
-> request: /v1/api/tickle
-> request: /v1/api/tickle
-> request: /v1/api/tickle
-> request: /v1/api/tickle
-> request: /v1/api/tickle
-> request: /v1/api/tickle
-> request: /v1/api/tickle
-> request: /v1/api/tickle
-> request: /v1/api/tickle
-> request: /v1/api/tickle
-> request: /v1/api/tickle
-> request: /sso/ping
